  OpenCVAppGUIDlg.cpp
D:\sample_opencv\thirdparty\opencv_470\build\include\opencv2\core.hpp(1747,1): warning C4819: 현재 코드 페이지(949)에서 표시할 수 없는 문자가 파일에 들어 있습니다. 데이터가 손실되지 않게 하려면 해당 파일을 유니코드 형식으로 저장하십시오.
D:\sample_opencv\thirdparty\opencv_470\build\include\opencv2\core.hpp(1747,1): warning C4819: 현재 코드 페이지(949)에서 표시할 수 없는 문자가 파일에 들어 있습니다. 데이터가 손실되지 않게 하려면 해당 파일을 유니코드 형식으로 저장하십시오.
D:\sample_opencv\thirdparty\opencv_470\build\include\opencv2\core.hpp(1747,1): warning C4819: 현재 코드 페이지(949)에서 표시할 수 없는 문자가 파일에 들어 있습니다. 데이터가 손실되지 않게 하려면 해당 파일을 유니코드 형식으로 저장하십시오.
D:\sample_opencv\thirdparty\opencv_470\build\include\opencv2\objdetect\aruco_board.hpp(1,1): warning C4819: 현재 코드 페이지(949)에서 표시할 수 없는 문자가 파일에 들어 있습니다. 데이터가 손실되지 않게 하려면 해당 파일을 유니코드 형식으로 저장하십시오.
C:\Program Files\Microsoft Visual Studio\2022\Community\VC\Tools\MSVC\14.34.31933\include\format(43): warning STL4038: The contents of <format> are available only with C++20 or later.
D:\sample_opencv\OpenCVAppGUI\OpenCVAppGUI\OpenCVAppGUIDlg.cpp(520,32): warning C4267: '초기화 중': 'size_t'에서 'int'(으)로 변환하면서 데이터가 손실될 수 있습니다.
D:\sample_opencv\OpenCVAppGUI\OpenCVAppGUI\OpenCVAppGUIDlg.cpp(523,48): warning C4267: '인수': 'size_t'에서 '_Tp'(으)로 변환하면서 데이터가 손실될 수 있습니다.
          with
          [
              _Tp=int
          ]
D:\sample_opencv\OpenCVAppGUI\OpenCVAppGUI\OpenCVAppGUIDlg.cpp(534,32): warning C4267: '초기화 중': 'size_t'에서 'int'(으)로 변환하면서 데이터가 손실될 수 있습니다.
D:\sample_opencv\OpenCVAppGUI\OpenCVAppGUI\OpenCVAppGUIDlg.cpp(537,48): warning C4267: '인수': 'size_t'에서 '_Tp'(으)로 변환하면서 데이터가 손실될 수 있습니다.
          with
          [
              _Tp=int
          ]
D:\sample_opencv\OpenCVAppGUI\OpenCVAppGUI\OpenCVAppGUIDlg.cpp(548,32): warning C4267: '초기화 중': 'size_t'에서 'int'(으)로 변환하면서 데이터가 손실될 수 있습니다.
D:\sample_opencv\OpenCVAppGUI\OpenCVAppGUI\OpenCVAppGUIDlg.cpp(551,48): warning C4267: '인수': 'size_t'에서 '_Tp'(으)로 변환하면서 데이터가 손실될 수 있습니다.
          with
          [
              _Tp=int
          ]
D:\sample_opencv\OpenCVAppGUI\OpenCVAppGUI\OpenCVAppGUIDlg.cpp(562,32): warning C4267: '초기화 중': 'size_t'에서 'int'(으)로 변환하면서 데이터가 손실될 수 있습니다.
D:\sample_opencv\OpenCVAppGUI\OpenCVAppGUI\OpenCVAppGUIDlg.cpp(565,48): warning C4267: '인수': 'size_t'에서 '_Tp'(으)로 변환하면서 데이터가 손실될 수 있습니다.
          with
          [
              _Tp=int
          ]
D:\sample_opencv\OpenCVAppGUI\OpenCVAppGUI\OpenCVAppGUIDlg.cpp(739,30): warning C4267: '인수': 'size_t'에서 '_Ty'(으)로 변환하면서 데이터가 손실될 수 있습니다.
          with
          [
              _Ty=int
          ]
D:\sample_opencv\OpenCVAppGUI\OpenCVAppGUI\OpenCVAppGUIDlg.cpp(744,31): warning C4267: '인수': 'size_t'에서 '_Ty'(으)로 변환하면서 데이터가 손실될 수 있습니다.
          with
          [
              _Ty=int
          ]
D:\sample_opencv\OpenCVAppGUI\OpenCVAppGUI\OpenCVAppGUIDlg.cpp(749,28): warning C4267: '인수': 'size_t'에서 '_Ty'(으)로 변환하면서 데이터가 손실될 수 있습니다.
          with
          [
              _Ty=int
          ]
D:\sample_opencv\OpenCVAppGUI\OpenCVAppGUI\OpenCVAppGUIDlg.cpp(781,30): warning C4267: '인수': 'size_t'에서 '_Ty'(으)로 변환하면서 데이터가 손실될 수 있습니다.
          with
          [
              _Ty=int
          ]
D:\sample_opencv\OpenCVAppGUI\OpenCVAppGUI\OpenCVAppGUIDlg.cpp(786,31): warning C4267: '인수': 'size_t'에서 '_Ty'(으)로 변환하면서 데이터가 손실될 수 있습니다.
          with
          [
              _Ty=int
          ]
D:\sample_opencv\OpenCVAppGUI\OpenCVAppGUI\OpenCVAppGUIDlg.cpp(791,28): warning C4267: '인수': 'size_t'에서 '_Ty'(으)로 변환하면서 데이터가 손실될 수 있습니다.
          with
          [
              _Ty=int
          ]
D:\sample_opencv\OpenCVAppGUI\OpenCVAppGUI\OpenCVAppGUIDlg.cpp(994,30): warning C4267: '인수': 'size_t'에서 '_Ty'(으)로 변환하면서 데이터가 손실될 수 있습니다.
          with
          [
              _Ty=int
          ]
D:\sample_opencv\OpenCVAppGUI\OpenCVAppGUI\OpenCVAppGUIDlg.cpp(1000,31): warning C4267: '인수': 'size_t'에서 '_Ty'(으)로 변환하면서 데이터가 손실될 수 있습니다.
          with
          [
              _Ty=int
          ]
D:\sample_opencv\OpenCVAppGUI\OpenCVAppGUI\OpenCVAppGUIDlg.cpp(1006,28): warning C4267: '인수': 'size_t'에서 '_Ty'(으)로 변환하면서 데이터가 손실될 수 있습니다.
          with
          [
              _Ty=int
          ]
D:\sample_opencv\OpenCVAppGUI\OpenCVAppGUI\OpenCVAppGUIDlg.cpp(1043,30): warning C4267: '인수': 'size_t'에서 '_Ty'(으)로 변환하면서 데이터가 손실될 수 있습니다.
          with
          [
              _Ty=int
          ]
D:\sample_opencv\OpenCVAppGUI\OpenCVAppGUI\OpenCVAppGUIDlg.cpp(1048,31): warning C4267: '인수': 'size_t'에서 '_Ty'(으)로 변환하면서 데이터가 손실될 수 있습니다.
          with
          [
              _Ty=int
          ]
D:\sample_opencv\OpenCVAppGUI\OpenCVAppGUI\OpenCVAppGUIDlg.cpp(1053,28): warning C4267: '인수': 'size_t'에서 '_Ty'(으)로 변환하면서 데이터가 손실될 수 있습니다.
          with
          [
              _Ty=int
          ]
D:\sample_opencv\OpenCVAppGUI\OpenCVAppGUI\OpenCVAppGUIDlg.cpp(1165,28): warning C4244: '=': 'float'에서 'int'(으)로 변환하면서 데이터가 손실될 수 있습니다.
D:\sample_opencv\OpenCVAppGUI\OpenCVAppGUI\OpenCVAppGUIDlg.cpp(1182,37): warning C4267: '인수': 'size_t'에서 '_Tp'(으)로 변환하면서 데이터가 손실될 수 있습니다.
          with
          [
              _Tp=int
          ]
D:\sample_opencv\OpenCVAppGUI\OpenCVAppGUI\OpenCVAppGUIDlg.cpp(1182,70): warning C4267: '인수': 'size_t'에서 '_Tp'(으)로 변환하면서 데이터가 손실될 수 있습니다.
          with
          [
              _Tp=int
          ]
D:\sample_opencv\OpenCVAppGUI\OpenCVAppGUI\OpenCVAppGUIDlg.cpp(1192,41): warning C4267: '인수': 'size_t'에서 '_Tp'(으)로 변환하면서 데이터가 손실될 수 있습니다.
          with
          [
              _Tp=int
          ]
D:\sample_opencv\OpenCVAppGUI\OpenCVAppGUI\OpenCVAppGUIDlg.cpp(1193,59): warning C4267: '인수': 'size_t'에서 '_Tp'(으)로 변환하면서 데이터가 손실될 수 있습니다.
          with
          [
              _Tp=int
          ]
D:\sample_opencv\OpenCVAppGUI\OpenCVAppGUI\OpenCVAppGUIDlg.cpp(1203,40): warning C4267: '인수': 'size_t'에서 '_Tp'(으)로 변환하면서 데이터가 손실될 수 있습니다.
          with
          [
              _Tp=int
          ]
D:\sample_opencv\OpenCVAppGUI\OpenCVAppGUI\OpenCVAppGUIDlg.cpp(1204,40): warning C4267: '인수': 'size_t'에서 '_Tp'(으)로 변환하면서 데이터가 손실될 수 있습니다.
          with
          [
              _Tp=int
          ]
D:\sample_opencv\OpenCVAppGUI\OpenCVAppGUI\OpenCVAppGUIDlg.cpp(1209,18): warning C4244: '초기화 중': 'double'에서 'int'(으)로 변환하면서 데이터가 손실될 수 있습니다.
D:\sample_opencv\OpenCVAppGUI\OpenCVAppGUI\OpenCVAppGUIDlg.cpp(1210,18): warning C4244: '초기화 중': 'double'에서 'int'(으)로 변환하면서 데이터가 손실될 수 있습니다.
D:\sample_opencv\OpenCVAppGUI\OpenCVAppGUI\OpenCVAppGUIDlg.cpp(1211,49): warning C4267: '인수': 'size_t'에서 '_Tp'(으)로 변환하면서 데이터가 손실될 수 있습니다.
          with
          [
              _Tp=int
          ]
D:\sample_opencv\OpenCVAppGUI\OpenCVAppGUI\OpenCVAppGUIDlg.cpp(1212,49): warning C4267: '인수': 'size_t'에서 '_Tp'(으)로 변환하면서 데이터가 손실될 수 있습니다.
          with
          [
              _Tp=int
          ]
D:\sample_opencv\OpenCVAppGUI\OpenCVAppGUI\OpenCVAppGUIDlg.cpp(1242,28): warning C4244: '=': 'float'에서 'int'(으)로 변환하면서 데이터가 손실될 수 있습니다.
D:\sample_opencv\OpenCVAppGUI\OpenCVAppGUI\OpenCVAppGUIDlg.cpp(1258,37): warning C4267: '인수': 'size_t'에서 '_Tp'(으)로 변환하면서 데이터가 손실될 수 있습니다.
          with
          [
              _Tp=int
          ]
D:\sample_opencv\OpenCVAppGUI\OpenCVAppGUI\OpenCVAppGUIDlg.cpp(1258,70): warning C4267: '인수': 'size_t'에서 '_Tp'(으)로 변환하면서 데이터가 손실될 수 있습니다.
          with
          [
              _Tp=int
          ]
D:\sample_opencv\OpenCVAppGUI\OpenCVAppGUI\OpenCVAppGUIDlg.cpp(1268,41): warning C4267: '인수': 'size_t'에서 '_Tp'(으)로 변환하면서 데이터가 손실될 수 있습니다.
          with
          [
              _Tp=int
          ]
D:\sample_opencv\OpenCVAppGUI\OpenCVAppGUI\OpenCVAppGUIDlg.cpp(1269,59): warning C4267: '인수': 'size_t'에서 '_Tp'(으)로 변환하면서 데이터가 손실될 수 있습니다.
          with
          [
              _Tp=int
          ]
D:\sample_opencv\OpenCVAppGUI\OpenCVAppGUI\OpenCVAppGUIDlg.cpp(1279,40): warning C4267: '인수': 'size_t'에서 '_Tp'(으)로 변환하면서 데이터가 손실될 수 있습니다.
          with
          [
              _Tp=int
          ]
D:\sample_opencv\OpenCVAppGUI\OpenCVAppGUI\OpenCVAppGUIDlg.cpp(1280,40): warning C4267: '인수': 'size_t'에서 '_Tp'(으)로 변환하면서 데이터가 손실될 수 있습니다.
          with
          [
              _Tp=int
          ]
D:\sample_opencv\OpenCVAppGUI\OpenCVAppGUI\OpenCVAppGUIDlg.cpp(1285,18): warning C4244: '초기화 중': 'double'에서 'int'(으)로 변환하면서 데이터가 손실될 수 있습니다.
D:\sample_opencv\OpenCVAppGUI\OpenCVAppGUI\OpenCVAppGUIDlg.cpp(1286,18): warning C4244: '초기화 중': 'double'에서 'int'(으)로 변환하면서 데이터가 손실될 수 있습니다.
D:\sample_opencv\OpenCVAppGUI\OpenCVAppGUI\OpenCVAppGUIDlg.cpp(1287,49): warning C4267: '인수': 'size_t'에서 '_Tp'(으)로 변환하면서 데이터가 손실될 수 있습니다.
          with
          [
              _Tp=int
          ]
D:\sample_opencv\OpenCVAppGUI\OpenCVAppGUI\OpenCVAppGUIDlg.cpp(1288,49): warning C4267: '인수': 'size_t'에서 '_Tp'(으)로 변환하면서 데이터가 손실될 수 있습니다.
          with
          [
              _Tp=int
          ]
D:\sample_opencv\OpenCVAppGUI\OpenCVAppGUI\OpenCVAppGUIDlg.cpp(1398,39): warning C4244: '=': 'double'에서 'int'(으)로 변환하면서 데이터가 손실될 수 있습니다.
D:\sample_opencv\OpenCVAppGUI\OpenCVAppGUI\OpenCVAppGUIDlg.cpp(1484,34): warning C4267: '초기화 중': 'size_t'에서 'int'(으)로 변환하면서 데이터가 손실될 수 있습니다.
D:\sample_opencv\OpenCVAppGUI\OpenCVAppGUI\OpenCVAppGUIDlg.cpp(1489,29): warning C4267: '인수': 'size_t'에서 '_Tp'(으)로 변환하면서 데이터가 손실될 수 있습니다.
          with
          [
              _Tp=int
          ]
D:\sample_opencv\OpenCVAppGUI\OpenCVAppGUI\OpenCVAppGUIDlg.cpp(1606,70): warning C4267: '초기화 중': 'size_t'에서 'int'(으)로 변환하면서 데이터가 손실될 수 있습니다.
D:\sample_opencv\OpenCVAppGUI\OpenCVAppGUI\OpenCVAppGUIDlg.cpp(1607,53): warning C4267: '초기화 중': 'size_t'에서 'int'(으)로 변환하면서 데이터가 손실될 수 있습니다.
D:\sample_opencv\OpenCVAppGUI\OpenCVAppGUI\OpenCVAppGUIDlg.cpp(1621,70): warning C4267: '초기화 중': 'size_t'에서 'int'(으)로 변환하면서 데이터가 손실될 수 있습니다.
D:\sample_opencv\OpenCVAppGUI\OpenCVAppGUI\OpenCVAppGUIDlg.cpp(1622,53): warning C4267: '초기화 중': 'size_t'에서 'int'(으)로 변환하면서 데이터가 손실될 수 있습니다.
D:\sample_opencv\OpenCVAppGUI\OpenCVAppGUI\OpenCVAppGUIDlg.cpp(1631,36): warning C4267: '인수': 'size_t'에서 'int'(으)로 변환하면서 데이터가 손실될 수 있습니다.
D:\sample_opencv\OpenCVAppGUI\OpenCVAppGUI\OpenCVAppGUIDlg.cpp(1732,71): warning C4267: '초기화 중': 'size_t'에서 'int'(으)로 변환하면서 데이터가 손실될 수 있습니다.
D:\sample_opencv\OpenCVAppGUI\OpenCVAppGUI\OpenCVAppGUIDlg.cpp(1733,54): warning C4267: '초기화 중': 'size_t'에서 'int'(으)로 변환하면서 데이터가 손실될 수 있습니다.
D:\sample_opencv\OpenCVAppGUI\OpenCVAppGUI\OpenCVAppGUIDlg.cpp(1744,71): warning C4267: '초기화 중': 'size_t'에서 'int'(으)로 변환하면서 데이터가 손실될 수 있습니다.
D:\sample_opencv\OpenCVAppGUI\OpenCVAppGUI\OpenCVAppGUIDlg.cpp(1745,54): warning C4267: '초기화 중': 'size_t'에서 'int'(으)로 변환하면서 데이터가 손실될 수 있습니다.
D:\sample_opencv\OpenCVAppGUI\OpenCVAppGUI\OpenCVAppGUIDlg.cpp(1757,36): warning C4267: '인수': 'size_t'에서 'int'(으)로 변환하면서 데이터가 손실될 수 있습니다.
D:\sample_opencv\OpenCVAppGUI\OpenCVAppGUI\OpenCVAppGUIDlg.cpp(1757,40): warning C4244: '=': 'double'에서 '_Tp'(으)로 변환하면서 데이터가 손실될 수 있습니다.
          with
          [
              _Tp=float
          ]
D:\sample_opencv\OpenCVAppGUI\OpenCVAppGUI\OpenCVAppGUIDlg.cpp(1760,37): warning C4267: '인수': 'size_t'에서 '_Tp'(으)로 변환하면서 데이터가 손실될 수 있습니다.
          with
          [
              _Tp=int
          ]
D:\sample_opencv\OpenCVAppGUI\OpenCVAppGUI\OpenCVAppGUIDlg.cpp(1797,63): warning C4244: '인수': '_Tp'에서 '_Tp'(으)로 변환하면서 데이터가 손실될 수 있습니다.
          with
          [
              _Tp=float
          ]
          and
          [
              _Tp=int
          ]
D:\sample_opencv\OpenCVAppGUI\OpenCVAppGUI\OpenCVAppGUIDlg.cpp(1797,50): warning C4244: '인수': '_Tp'에서 '_Tp'(으)로 변환하면서 데이터가 손실될 수 있습니다.
          with
          [
              _Tp=float
          ]
          and
          [
              _Tp=int
          ]
D:\sample_opencv\OpenCVAppGUI\OpenCVAppGUI\OpenCVAppGUIDlg.cpp(1899,71): warning C4267: '초기화 중': 'size_t'에서 'int'(으)로 변환하면서 데이터가 손실될 수 있습니다.
D:\sample_opencv\OpenCVAppGUI\OpenCVAppGUI\OpenCVAppGUIDlg.cpp(1900,54): warning C4267: '초기화 중': 'size_t'에서 'int'(으)로 변환하면서 데이터가 손실될 수 있습니다.
D:\sample_opencv\OpenCVAppGUI\OpenCVAppGUI\OpenCVAppGUIDlg.cpp(1915,71): warning C4267: '초기화 중': 'size_t'에서 'int'(으)로 변환하면서 데이터가 손실될 수 있습니다.
D:\sample_opencv\OpenCVAppGUI\OpenCVAppGUI\OpenCVAppGUIDlg.cpp(1916,54): warning C4267: '초기화 중': 'size_t'에서 'int'(으)로 변환하면서 데이터가 손실될 수 있습니다.
D:\sample_opencv\OpenCVAppGUI\OpenCVAppGUI\OpenCVAppGUIDlg.cpp(1924,37): warning C4267: '인수': 'size_t'에서 '_Tp'(으)로 변환하면서 데이터가 손실될 수 있습니다.
          with
          [
              _Tp=int
          ]
D:\sample_opencv\OpenCVAppGUI\OpenCVAppGUI\OpenCVAppGUIDlg.cpp(1927,37): warning C4267: '인수': 'size_t'에서 'int'(으)로 변환하면서 데이터가 손실될 수 있습니다.
D:\sample_opencv\OpenCVAppGUI\OpenCVAppGUI\OpenCVAppGUIDlg.cpp(2114,83): warning C4244: '인수': 'double'에서 '_Tp'(으)로 변환하면서 데이터가 손실될 수 있습니다.
          with
          [
              _Tp=int
          ]
D:\sample_opencv\OpenCVAppGUI\OpenCVAppGUI\OpenCVAppGUIDlg.cpp(2114,58): warning C4244: '인수': 'double'에서 '_Tp'(으)로 변환하면서 데이터가 손실될 수 있습니다.
          with
          [
              _Tp=int
          ]
D:\sample_opencv\OpenCVAppGUI\OpenCVAppGUI\OpenCVAppGUIDlg.cpp(2165,40): warning C4267: '인수': 'size_t'에서 '_Tp'(으)로 변환하면서 데이터가 손실될 수 있습니다.
          with
          [
              _Tp=int
          ]
D:\sample_opencv\OpenCVAppGUI\OpenCVAppGUI\OpenCVAppGUIDlg.cpp(2166,58): warning C4267: '인수': 'size_t'에서 '_Tp'(으)로 변환하면서 데이터가 손실될 수 있습니다.
          with
          [
              _Tp=int
          ]
D:\sample_opencv\OpenCVAppGUI\OpenCVAppGUI\OpenCVAppGUIDlg.cpp(2167,51): warning C4244: '인수': 'double'에서 'int'(으)로 변환하면서 데이터가 손실될 수 있습니다.
  OpenCVAppGUI.vcxproj -> D:\sample_opencv\OpenCVAppGUI\Build\x64\OpenCVAppGUId.exe
